<?xml version="1.0" encoding="UTF-8"?>
<testng-results skipped="0" failed="0" ignored="0" total="1" passed="1">
  <reporter-output>
  </reporter-output>
  <suite name="Default suite" duration-ms="6022" started-at="2023-01-19T13:54:22 CST" finished-at="2023-01-19T13:54:28 CST">
    <groups>
    </groups>
    <test name="Default test" duration-ms="6022" started-at="2023-01-19T13:54:22 CST" finished-at="2023-01-19T13:54:28 CST">
      <class name="Test.AddCategoryTest">
        <test-method status="PASS" signature="userAbleToAddCategory()[pri:0, instance:Test.AddCategoryTest@2d8f65a4]" name="userAbleToAddCategory" duration-ms="5972" started-at="2023-01-19T13:54:22 CST" finished-at="2023-01-19T13:54:28 CST">
          <reporter-output>
          </reporter-output>
        </test-method> <!-- userAbleToAddCategory -->
      </class> <!-- Test.AddCategoryTest -->
    </test> <!-- Default test -->
  </suite> <!-- Default suite -->
</testng-results>
